tranportation 
cars
boats
planes
bikes
